Using pre-set license
Built from '2020.3/release' branch; Version is '2020.3.15f2 (6cf78cb77498) revision 7141260'; Using compiler version '192528614'; Build Type 'Release'
OS: 'Windows 10 Home; OS build 19043.1165; Version 2009; 64bit' Language: 'de' Physical Memory: 16343 MB
BatchMode: 1, IsHumanControllingUs: 0, StartBugReporterOnCrash: 0, Is64bit: 1, IsPro: 0

 COMMAND LINE ARGUMENTS:
C:\Program Files\Unity\Hub\Editor\2020.3.15f2\Editor\Unity.exe
-adb2
-batchMode
-noUpm
-name
AssetImportWorker0
-projectPath
D:/Uni/GitHub/Defend-Your-Castle/Defend Your Castle
-logFile
Logs/AssetImportWorker0.log
-srvPort
64831
Successfully changed project path to: D:/Uni/GitHub/Defend-Your-Castle/Defend Your Castle
D:/Uni/GitHub/Defend-Your-Castle/Defend Your Castle
Using Asset Import Pipeline V2.
Refreshing native plugins compatible for Editor in 34.12 ms, found 2 plugins.
Preloading 0 native plugins for Editor in 0.00 ms.
Initialize engine version: 2020.3.15f2 (6cf78cb77498)
[Subsystems] Discovering subsystems at path C:/Program Files/Unity/Hub/Editor/2020.3.15f2/Editor/Data/Resources/UnitySubsystems
[Subsystems] Discovering subsystems at path D:/Uni/GitHub/Defend-Your-Castle/Defend Your Castle/Assets
GfxDevice: creating device client; threaded=0
Direct3D:
    Version:  Direct3D 11.0 [level 11.1]
    Renderer: NVIDIA GeForce GTX 1070 (ID=0x1b81)
    Vendor:   
    VRAM:     8088 MB
    Driver:   30.0.14.7168
Initialize mono
Mono path[0] = 'C:/Program Files/Unity/Hub/Editor/2020.3.15f2/Editor/Data/Managed'
Mono path[1] = 'C:/Program Files/Unity/Hub/Editor/2020.3.15f2/Editor/Data/MonoBleedingEdge/lib/mono/unityjit'
Mono config path = 'C:/Program Files/Unity/Hub/Editor/2020.3.15f2/Editor/Data/MonoBleedingEdge/etc'
Using monoOptions --debugger-agent=transport=dt_socket,embedding=1,server=y,suspend=n,address=127.0.0.1:56404
Begin MonoManager ReloadAssembly
Registering precompiled unity dll's ...
Register platform support module: C:/Program Files/Unity/Hub/Editor/2020.3.15f2/Editor/Data/PlaybackEngines/WindowsStandaloneSupport/UnityEditor.WindowsStandalone.Extensions.dll
Registered in 0.002545 seconds.
Native extension for WindowsStandalone target not found
Refreshing native plugins compatible for Editor in 28.42 ms, found 2 plugins.
Preloading 0 native plugins for Editor in 0.00 ms.
Mono: successfully reloaded assembly
- Completed reload, in  1.370 seconds
Domain Reload Profiling:
	ReloadAssembly (1370ms)
		BeginReloadAssembly (75ms)
			ExecutionOrderSort (0ms)
			DisableScriptedObjects (0ms)
			BackupInstance (0ms)
			ReleaseScriptingObjects (0ms)
			CreateAndSetChildDomain (1ms)
		EndReloadAssembly (448ms)
			LoadAssemblies (72ms)
			RebuildTransferFunctionScriptingTraits (0ms)
			SetupTypeCache (181ms)
			ReleaseScriptCaches (0ms)
			RebuildScriptCaches (34ms)
			SetupLoadedEditorAssemblies (157ms)
				LogAssemblyErrors (0ms)
				InitializePlatformSupportModulesInManaged (4ms)
				SetLoadedEditorAssemblies (0ms)
				RefreshPlugins (29ms)
				BeforeProcessingInitializeOnLoad (10ms)
				ProcessInitializeOnLoadAttributes (85ms)
				ProcessInitializeOnLoadMethodAttributes (29ms)
				AfterProcessingInitializeOnLoad (0ms)
				EditorAssembliesLoaded (0ms)
			ExecutionOrderSort2 (0ms)
			AwakeInstancesAfterBackupRestoration (0ms)
Platform modules already initialized, skipping
Registering precompiled user dll's ...
Registered in 0.003605 seconds.
Begin MonoManager ReloadAssembly
Native extension for WindowsStandalone target not found
Refreshing native plugins compatible for Editor in 0.29 ms, found 2 plugins.
Preloading 0 native plugins for Editor in 0.00 ms.
Mono: successfully reloaded assembly
- Completed reload, in  1.279 seconds
Domain Reload Profiling:
	ReloadAssembly (1280ms)
		BeginReloadAssembly (163ms)
			ExecutionOrderSort (0ms)
			DisableScriptedObjects (4ms)
			BackupInstance (0ms)
			ReleaseScriptingObjects (0ms)
			CreateAndSetChildDomain (18ms)
		EndReloadAssembly (1045ms)
			LoadAssemblies (103ms)
			RebuildTransferFunctionScriptingTraits (0ms)
			SetupTypeCache (329ms)
			ReleaseScriptCaches (0ms)
			RebuildScriptCaches (43ms)
			SetupLoadedEditorAssemblies (468ms)
				LogAssemblyErrors (0ms)
				InitializePlatformSupportModulesInManaged (5ms)
				SetLoadedEditorAssemblies (0ms)
				RefreshPlugins (0ms)
				BeforeProcessingInitializeOnLoad (102ms)
				ProcessInitializeOnLoadAttributes (340ms)
				ProcessInitializeOnLoadMethodAttributes (6ms)
				AfterProcessingInitializeOnLoad (14ms)
				EditorAssembliesLoaded (0ms)
			ExecutionOrderSort2 (0ms)
			AwakeInstancesAfterBackupRestoration (10ms)
Platform modules already initialized, skipping
========================================================================
Worker process is ready to serve import requests
Launched and connected shader compiler UnityShaderCompiler.exe after 0.06 seconds
Refreshing native plugins compatible for Editor in 0.30 ms, found 2 plugins.
Preloading 0 native plugins for Editor in 0.00 ms.
Unloading 1413 Unused Serialized files (Serialized files now loaded: 0)
System memory in use before: 137.8 MB.
System memory in use after: 137.9 MB.

Unloading 19 unused Assets to reduce memory usage. Loaded Objects now: 1852.
Total: 2.548200 ms (FindLiveObjects: 0.141100 ms CreateObjectMapping: 0.046000 ms MarkObjects: 2.256400 ms  DeleteObjects: 0.103400 ms)

AssetImportParameters requested are different than current active one (requested -> active):
  custom:framework-win-MediaFoundation: 216162199b28c13a410421893ffa2e32 -> 
  custom:video-decoder-ogg-theora: a1e56fd34408186e4bbccfd4996cb3dc -> 
  custom:container-muxer-webm: aa71ff27fc2769a1b78a27578f13a17b -> 
  custom:container-demuxer-webm: 4f35f7cbe854078d1ac9338744f61a02 -> 
  custom:container-demuxer-ogg: 62fdf1f143b41e24485cea50d1cbac27 -> 
  custom:video-encoder-webm-vp8: eb34c28f22e8b96e1ab97ce403110664 -> 
  custom:video-decoder-webm-vp8: 9c59270c3fd7afecdb556c50c9e8de78 -> 
  custom:audio-decoder-ogg-vorbis: bf7c407c2cedff20999df2af8eb42d56 -> 
  custom:audio-encoder-webm-vorbis: bf7c407c2cedff20999df2af8eb42d56 -> 
========================================================================
Received Import Request.
  path: Assets/Prefabs/Enemies/StandardEnemy.prefab
  artifactKey: Guid(7d60a5cb3abf5e64eba7cc3364fbbfd1) Importer(815301076,1909f56bfc062723c751e8b465ee728b)
Start importing Assets/Prefabs/Enemies/StandardEnemy.prefab using Guid(7d60a5cb3abf5e64eba7cc3364fbbfd1) Importer(815301076,1909f56bfc062723c751e8b465ee728b)  -> (artifact id: 'bcc92533d736cc63901fc7d35b1bab14') in 0.134515 seconds 
  Import took 0.137329 seconds .

========================================================================
Received Prepare
Registering precompiled user dll's ...
Registered in 0.004388 seconds.
Begin MonoManager ReloadAssembly
Native extension for WindowsStandalone target not found
Refreshing native plugins compatible for Editor in 0.38 ms, found 2 plugins.
Preloading 0 native plugins for Editor in 0.00 ms.
Mono: successfully reloaded assembly
- Completed reload, in  1.148 seconds
Domain Reload Profiling:
	ReloadAssembly (1148ms)
		BeginReloadAssembly (118ms)
			ExecutionOrderSort (0ms)
			DisableScriptedObjects (4ms)
			BackupInstance (0ms)
			ReleaseScriptingObjects (0ms)
			CreateAndSetChildDomain (32ms)
		EndReloadAssembly (940ms)
			LoadAssemblies (108ms)
			RebuildTransferFunctionScriptingTraits (0ms)
			SetupTypeCache (319ms)
			ReleaseScriptCaches (1ms)
			RebuildScriptCaches (38ms)
			SetupLoadedEditorAssemblies (378ms)
				LogAssemblyErrors (0ms)
				InitializePlatformSupportModulesInManaged (5ms)
				SetLoadedEditorAssemblies (0ms)
				RefreshPlugins (0ms)
				BeforeProcessingInitializeOnLoad (95ms)
				ProcessInitializeOnLoadAttributes (263ms)
				ProcessInitializeOnLoadMethodAttributes (4ms)
				AfterProcessingInitializeOnLoad (10ms)
				EditorAssembliesLoaded (0ms)
			ExecutionOrderSort2 (0ms)
			AwakeInstancesAfterBackupRestoration (8ms)
Platform modules already initialized, skipping
Refreshing native plugins compatible for Editor in 0.30 ms, found 2 plugins.
Preloading 0 native plugins for Editor in 0.00 ms.
Unloading 1408 Unused Serialized files (Serialized files now loaded: 0)
System memory in use before: 140.9 MB.
System memory in use after: 141.0 MB.

Unloading 14 unused Assets to reduce memory usage. Loaded Objects now: 1864.
Total: 2.521200 ms (FindLiveObjects: 0.147200 ms CreateObjectMapping: 0.042900 ms MarkObjects: 2.240500 ms  DeleteObjects: 0.089300 ms)

AssetImportParameters requested are different than current active one (requested -> active):
  custom:framework-win-MediaFoundation: 216162199b28c13a410421893ffa2e32 -> 
  custom:video-decoder-ogg-theora: a1e56fd34408186e4bbccfd4996cb3dc -> 
  custom:container-muxer-webm: aa71ff27fc2769a1b78a27578f13a17b -> 
  custom:container-demuxer-webm: 4f35f7cbe854078d1ac9338744f61a02 -> 
  custom:container-demuxer-ogg: 62fdf1f143b41e24485cea50d1cbac27 -> 
  custom:video-encoder-webm-vp8: eb34c28f22e8b96e1ab97ce403110664 -> 
  custom:video-decoder-webm-vp8: 9c59270c3fd7afecdb556c50c9e8de78 -> 
  custom:audio-decoder-ogg-vorbis: bf7c407c2cedff20999df2af8eb42d56 -> 
  custom:audio-encoder-webm-vorbis: bf7c407c2cedff20999df2af8eb42d56 -> 
========================================================================
Received Import Request.
  Time since last request: 40.794718 seconds.
  path: Assets/Prefabs/Enemies/Enemy2.prefab
  artifactKey: Guid(5e0b07b24b489aa4a8763bf41ccfecb0) Importer(815301076,1909f56bfc062723c751e8b465ee728b)
Start importing Assets/Prefabs/Enemies/Enemy2.prefab using Guid(5e0b07b24b489aa4a8763bf41ccfecb0) Importer(815301076,1909f56bfc062723c751e8b465ee728b)  -> (artifact id: 'df6a59b56f03062b1db96c64e8ae0a01') in 0.080888 seconds 
  Import took 0.083868 seconds .

========================================================================
Received Import Request.
  Time since last request: 10.634334 seconds.
  path: Assets/Prefabs/Enemies/StandardEnemy.prefab
  artifactKey: Guid(7d60a5cb3abf5e64eba7cc3364fbbfd1) Importer(815301076,1909f56bfc062723c751e8b465ee728b)
Start importing Assets/Prefabs/Enemies/StandardEnemy.prefab using Guid(7d60a5cb3abf5e64eba7cc3364fbbfd1) Importer(815301076,1909f56bfc062723c751e8b465ee728b)  -> (artifact id: '34ecedd67f8ead1fd562255ee06916b6') in 0.011509 seconds 
  Import took 0.014570 seconds .

========================================================================
Received Prepare
Registering precompiled user dll's ...
Registered in 0.005524 seconds.
Begin MonoManager ReloadAssembly
Native extension for WindowsStandalone target not found
Refreshing native plugins compatible for Editor in 0.34 ms, found 2 plugins.
Preloading 0 native plugins for Editor in 0.00 ms.
Mono: successfully reloaded assembly
- Completed reload, in  1.725 seconds
Domain Reload Profiling:
	ReloadAssembly (1728ms)
		BeginReloadAssembly (229ms)
			ExecutionOrderSort (0ms)
			DisableScriptedObjects (6ms)
			BackupInstance (0ms)
			ReleaseScriptingObjects (0ms)
			CreateAndSetChildDomain (108ms)
		EndReloadAssembly (1375ms)
			LoadAssemblies (149ms)
			RebuildTransferFunctionScriptingTraits (0ms)
			SetupTypeCache (450ms)
			ReleaseScriptCaches (1ms)
			RebuildScriptCaches (57ms)
			SetupLoadedEditorAssemblies (582ms)
				LogAssemblyErrors (0ms)
				InitializePlatformSupportModulesInManaged (8ms)
				SetLoadedEditorAssemblies (1ms)
				RefreshPlugins (0ms)
				BeforeProcessingInitializeOnLoad (147ms)
				ProcessInitializeOnLoadAttributes (406ms)
				ProcessInitializeOnLoadMethodAttributes (6ms)
				AfterProcessingInitializeOnLoad (14ms)
				EditorAssembliesLoaded (0ms)
			ExecutionOrderSort2 (0ms)
			AwakeInstancesAfterBackupRestoration (10ms)
Platform modules already initialized, skipping
Refreshing native plugins compatible for Editor in 0.55 ms, found 2 plugins.
Preloading 0 native plugins for Editor in 0.00 ms.
Unloading 1408 Unused Serialized files (Serialized files now loaded: 0)
System memory in use before: 141.0 MB.
System memory in use after: 141.1 MB.

Unloading 14 unused Assets to reduce memory usage. Loaded Objects now: 1868.
Total: 2.671300 ms (FindLiveObjects: 0.151500 ms CreateObjectMapping: 0.068900 ms MarkObjects: 2.386000 ms  DeleteObjects: 0.063200 ms)

AssetImportParameters requested are different than current active one (requested -> active):
  custom:framework-win-MediaFoundation: 216162199b28c13a410421893ffa2e32 -> 
  custom:video-decoder-ogg-theora: a1e56fd34408186e4bbccfd4996cb3dc -> 
  custom:container-muxer-webm: aa71ff27fc2769a1b78a27578f13a17b -> 
  custom:container-demuxer-webm: 4f35f7cbe854078d1ac9338744f61a02 -> 
  custom:container-demuxer-ogg: 62fdf1f143b41e24485cea50d1cbac27 -> 
  custom:video-encoder-webm-vp8: eb34c28f22e8b96e1ab97ce403110664 -> 
  custom:video-decoder-webm-vp8: 9c59270c3fd7afecdb556c50c9e8de78 -> 
  custom:audio-decoder-ogg-vorbis: bf7c407c2cedff20999df2af8eb42d56 -> 
  custom:audio-encoder-webm-vorbis: bf7c407c2cedff20999df2af8eb42d56 -> 
========================================================================
Received Import Request.
  Time since last request: 247.540104 seconds.
  path: Assets/Icons/WhiteSquare.jpg
  artifactKey: Guid(423abc893296b7f4ba14ed06980f0b8d) Importer(815301076,1909f56bfc062723c751e8b465ee728b)
Start importing Assets/Icons/WhiteSquare.jpg using Guid(423abc893296b7f4ba14ed06980f0b8d) Importer(815301076,1909f56bfc062723c751e8b465ee728b)  -> (artifact id: '189c74f40ac73bbf8bd25e4ec1a632d0') in 0.086770 seconds 
  Import took 0.089124 seconds .

========================================================================
Received Import Request.
  Time since last request: 16.626430 seconds.
  path: Assets/Icons/WhiteSquare.jpg
  artifactKey: Guid(423abc893296b7f4ba14ed06980f0b8d) Importer(815301076,1909f56bfc062723c751e8b465ee728b)
Start importing Assets/Icons/WhiteSquare.jpg using Guid(423abc893296b7f4ba14ed06980f0b8d) Importer(815301076,1909f56bfc062723c751e8b465ee728b)  -> (artifact id: '6375f7699159039ab981dfa73a866f11') in 0.023540 seconds 
  Import took 0.026328 seconds .

========================================================================
Received Import Request.
  Time since last request: 59.747426 seconds.
  path: Assets/Prefabs/Enemies/Enemy2.prefab
  artifactKey: Guid(5e0b07b24b489aa4a8763bf41ccfecb0) Importer(815301076,1909f56bfc062723c751e8b465ee728b)
Start importing Assets/Prefabs/Enemies/Enemy2.prefab using Guid(5e0b07b24b489aa4a8763bf41ccfecb0) Importer(815301076,1909f56bfc062723c751e8b465ee728b)  -> (artifact id: 'bb095b23c75691e7d3bae5e7dd3d7481') in 0.047957 seconds 
  Import took 0.051337 seconds .

========================================================================
Received Prepare
Registering precompiled user dll's ...
Registered in 0.003723 seconds.
Begin MonoManager ReloadAssembly
Native extension for WindowsStandalone target not found
Refreshing native plugins compatible for Editor in 0.31 ms, found 2 plugins.
Preloading 0 native plugins for Editor in 0.00 ms.
Mono: successfully reloaded assembly
- Completed reload, in  1.159 seconds
Domain Reload Profiling:
	ReloadAssembly (1160ms)
		BeginReloadAssembly (122ms)
			ExecutionOrderSort (0ms)
			DisableScriptedObjects (5ms)
			BackupInstance (0ms)
			ReleaseScriptingObjects (0ms)
			CreateAndSetChildDomain (36ms)
		EndReloadAssembly (958ms)
			LoadAssemblies (102ms)
			RebuildTransferFunctionScriptingTraits (0ms)
			SetupTypeCache (299ms)
			ReleaseScriptCaches (1ms)
			RebuildScriptCaches (40ms)
			SetupLoadedEditorAssemblies (418ms)
				LogAssemblyErrors (0ms)
				InitializePlatformSupportModulesInManaged (5ms)
				SetLoadedEditorAssemblies (0ms)
				RefreshPlugins (0ms)
				BeforeProcessingInitializeOnLoad (99ms)
				ProcessInitializeOnLoadAttributes (299ms)
				ProcessInitializeOnLoadMethodAttributes (4ms)
				AfterProcessingInitializeOnLoad (9ms)
				EditorAssembliesLoaded (0ms)
			ExecutionOrderSort2 (0ms)
			AwakeInstancesAfterBackupRestoration (7ms)
Platform modules already initialized, skipping
Refreshing native plugins compatible for Editor in 0.42 ms, found 2 plugins.
Preloading 0 native plugins for Editor in 0.00 ms.
Unloading 1408 Unused Serialized files (Serialized files now loaded: 0)
System memory in use before: 141.0 MB.
System memory in use after: 141.1 MB.

Unloading 14 unused Assets to reduce memory usage. Loaded Objects now: 1875.
Total: 2.775800 ms (FindLiveObjects: 0.140300 ms CreateObjectMapping: 0.038500 ms MarkObjects: 2.501500 ms  DeleteObjects: 0.094400 ms)

AssetImportParameters requested are different than current active one (requested -> active):
  custom:framework-win-MediaFoundation: 216162199b28c13a410421893ffa2e32 -> 
  custom:video-decoder-ogg-theora: a1e56fd34408186e4bbccfd4996cb3dc -> 
  custom:container-muxer-webm: aa71ff27fc2769a1b78a27578f13a17b -> 
  custom:container-demuxer-webm: 4f35f7cbe854078d1ac9338744f61a02 -> 
  custom:container-demuxer-ogg: 62fdf1f143b41e24485cea50d1cbac27 -> 
  custom:video-encoder-webm-vp8: eb34c28f22e8b96e1ab97ce403110664 -> 
  custom:video-decoder-webm-vp8: 9c59270c3fd7afecdb556c50c9e8de78 -> 
  custom:audio-decoder-ogg-vorbis: bf7c407c2cedff20999df2af8eb42d56 -> 
  custom:audio-encoder-webm-vorbis: bf7c407c2cedff20999df2af8eb42d56 -> 
========================================================================
Received Prepare
Registering precompiled user dll's ...
Registered in 0.005120 seconds.
Begin MonoManager ReloadAssembly
Native extension for WindowsStandalone target not found
Refreshing native plugins compatible for Editor in 0.34 ms, found 2 plugins.
Preloading 0 native plugins for Editor in 0.00 ms.
Mono: successfully reloaded assembly
- Completed reload, in  1.261 seconds
Domain Reload Profiling:
	ReloadAssembly (1261ms)
		BeginReloadAssembly (130ms)
			ExecutionOrderSort (0ms)
			DisableScriptedObjects (5ms)
			BackupInstance (0ms)
			ReleaseScriptingObjects (0ms)
			CreateAndSetChildDomain (34ms)
		EndReloadAssembly (1055ms)
			LoadAssemblies (110ms)
			RebuildTransferFunctionScriptingTraits (0ms)
			SetupTypeCache (320ms)
			ReleaseScriptCaches (2ms)
			RebuildScriptCaches (67ms)
			SetupLoadedEditorAssemblies (418ms)
				LogAssemblyErrors (0ms)
				InitializePlatformSupportModulesInManaged (7ms)
				SetLoadedEditorAssemblies (0ms)
				RefreshPlugins (0ms)
				BeforeProcessingInitializeOnLoad (107ms)
				ProcessInitializeOnLoadAttributes (289ms)
				ProcessInitializeOnLoadMethodAttributes (4ms)
				AfterProcessingInitializeOnLoad (9ms)
				EditorAssembliesLoaded (0ms)
			ExecutionOrderSort2 (0ms)
			AwakeInstancesAfterBackupRestoration (7ms)
Platform modules already initialized, skipping
Refreshing native plugins compatible for Editor in 0.31 ms, found 2 plugins.
Preloading 0 native plugins for Editor in 0.00 ms.
Unloading 1408 Unused Serialized files (Serialized files now loaded: 0)
System memory in use before: 141.0 MB.
System memory in use after: 141.1 MB.

Unloading 14 unused Assets to reduce memory usage. Loaded Objects now: 1878.
Total: 2.359900 ms (FindLiveObjects: 0.141000 ms CreateObjectMapping: 0.047700 ms MarkObjects: 2.103900 ms  DeleteObjects: 0.066200 ms)

AssetImportParameters requested are different than current active one (requested -> active):
  custom:framework-win-MediaFoundation: 216162199b28c13a410421893ffa2e32 -> 
  custom:video-decoder-ogg-theora: a1e56fd34408186e4bbccfd4996cb3dc -> 
  custom:container-muxer-webm: aa71ff27fc2769a1b78a27578f13a17b -> 
  custom:container-demuxer-webm: 4f35f7cbe854078d1ac9338744f61a02 -> 
  custom:container-demuxer-ogg: 62fdf1f143b41e24485cea50d1cbac27 -> 
  custom:video-encoder-webm-vp8: eb34c28f22e8b96e1ab97ce403110664 -> 
  custom:video-decoder-webm-vp8: 9c59270c3fd7afecdb556c50c9e8de78 -> 
  custom:audio-decoder-ogg-vorbis: bf7c407c2cedff20999df2af8eb42d56 -> 
  custom:audio-encoder-webm-vorbis: bf7c407c2cedff20999df2af8eb42d56 -> 
========================================================================
Received Prepare
Registering precompiled user dll's ...
Registered in 0.006621 seconds.
Begin MonoManager ReloadAssembly
Native extension for WindowsStandalone target not found
Refreshing native plugins compatible for Editor in 0.33 ms, found 2 plugins.
Preloading 0 native plugins for Editor in 0.00 ms.
Mono: successfully reloaded assembly
- Completed reload, in  1.560 seconds
Domain Reload Profiling:
	ReloadAssembly (1561ms)
		BeginReloadAssembly (202ms)
			ExecutionOrderSort (0ms)
			DisableScriptedObjects (12ms)
			BackupInstance (0ms)
			ReleaseScriptingObjects (0ms)
			CreateAndSetChildDomain (74ms)
		EndReloadAssembly (1265ms)
			LoadAssemblies (134ms)
			RebuildTransferFunctionScriptingTraits (0ms)
			SetupTypeCache (418ms)
			ReleaseScriptCaches (1ms)
			RebuildScriptCaches (53ms)
			SetupLoadedEditorAssemblies (532ms)
				LogAssemblyErrors (0ms)
				InitializePlatformSupportModulesInManaged (7ms)
				SetLoadedEditorAssemblies (1ms)
				RefreshPlugins (0ms)
				BeforeProcessingInitializeOnLoad (133ms)
				ProcessInitializeOnLoadAttributes (371ms)
				ProcessInitializeOnLoadMethodAttributes (5ms)
				AfterProcessingInitializeOnLoad (14ms)
				EditorAssembliesLoaded (0ms)
			ExecutionOrderSort2 (0ms)
			AwakeInstancesAfterBackupRestoration (11ms)
Platform modules already initialized, skipping
Refreshing native plugins compatible for Editor in 0.32 ms, found 2 plugins.
Preloading 0 native plugins for Editor in 0.00 ms.
Unloading 1408 Unused Serialized files (Serialized files now loaded: 0)
System memory in use before: 141.0 MB.
System memory in use after: 141.1 MB.

Unloading 14 unused Assets to reduce memory usage. Loaded Objects now: 1881.
Total: 3.602900 ms (FindLiveObjects: 0.203600 ms CreateObjectMapping: 0.058100 ms MarkObjects: 3.270700 ms  DeleteObjects: 0.069100 ms)

AssetImportParameters requested are different than current active one (requested -> active):
  custom:framework-win-MediaFoundation: 216162199b28c13a410421893ffa2e32 -> 
  custom:video-decoder-ogg-theora: a1e56fd34408186e4bbccfd4996cb3dc -> 
  custom:container-muxer-webm: aa71ff27fc2769a1b78a27578f13a17b -> 
  custom:container-demuxer-webm: 4f35f7cbe854078d1ac9338744f61a02 -> 
  custom:container-demuxer-ogg: 62fdf1f143b41e24485cea50d1cbac27 -> 
  custom:video-encoder-webm-vp8: eb34c28f22e8b96e1ab97ce403110664 -> 
  custom:video-decoder-webm-vp8: 9c59270c3fd7afecdb556c50c9e8de78 -> 
  custom:audio-decoder-ogg-vorbis: bf7c407c2cedff20999df2af8eb42d56 -> 
  custom:audio-encoder-webm-vorbis: bf7c407c2cedff20999df2af8eb42d56 -> 
========================================================================
Received Import Request.
  Time since last request: 363.273619 seconds.
  path: Assets/Prefabs/Enemies/Enemy2.prefab
  artifactKey: Guid(5e0b07b24b489aa4a8763bf41ccfecb0) Importer(815301076,1909f56bfc062723c751e8b465ee728b)
Start importing Assets/Prefabs/Enemies/Enemy2.prefab using Guid(5e0b07b24b489aa4a8763bf41ccfecb0) Importer(815301076,1909f56bfc062723c751e8b465ee728b)  -> (artifact id: '64319ab8849f37da5f6b5345f7b60fff') in 0.086804 seconds 
  Import took 0.089858 seconds .

========================================================================
Received Import Request.
  Time since last request: 31.914594 seconds.
  path: Assets/Prefabs/Enemies/StandardEnemy.prefab
  artifactKey: Guid(7d60a5cb3abf5e64eba7cc3364fbbfd1) Importer(815301076,1909f56bfc062723c751e8b465ee728b)
Start importing Assets/Prefabs/Enemies/StandardEnemy.prefab using Guid(7d60a5cb3abf5e64eba7cc3364fbbfd1) Importer(815301076,1909f56bfc062723c751e8b465ee728b)  -> (artifact id: 'f0c98d824636589e0f5757c0799b7d3d') in 0.010486 seconds 
  Import took 0.013085 seconds .

========================================================================
Received Import Request.
  Time since last request: 0.000928 seconds.
  path: Assets/Prefabs/Enemies/StandardEnemy.prefab
  artifactKey: Guid(7d60a5cb3abf5e64eba7cc3364fbbfd1) Importer(815301076,1909f56bfc062723c751e8b465ee728b)
Start importing Assets/Prefabs/Enemies/StandardEnemy.prefab using Guid(7d60a5cb3abf5e64eba7cc3364fbbfd1) Importer(815301076,1909f56bfc062723c751e8b465ee728b)  -> (artifact id: 'f0c98d824636589e0f5757c0799b7d3d') in 0.012171 seconds 
  Import took 0.014984 seconds .

========================================================================
Received Import Request.
  Time since last request: 12.915254 seconds.
  path: Assets/Prefabs/Enemies/HealthBar.prefab
  artifactKey: Guid(8f8be1386c844eb4e8ad9189143550ca) Importer(815301076,1909f56bfc062723c751e8b465ee728b)
Start importing Assets/Prefabs/Enemies/HealthBar.prefab using Guid(8f8be1386c844eb4e8ad9189143550ca) Importer(815301076,1909f56bfc062723c751e8b465ee728b)  -> (artifact id: 'f2542d61382b998cfb27426f46cec15d') in 0.007060 seconds 
  Import took 0.010160 seconds .

========================================================================
Received Import Request.
  Time since last request: 7.303496 seconds.
  path: Assets/Prefabs/Enemies/Enemy2.prefab
  artifactKey: Guid(5e0b07b24b489aa4a8763bf41ccfecb0) Importer(815301076,1909f56bfc062723c751e8b465ee728b)
Start importing Assets/Prefabs/Enemies/Enemy2.prefab using Guid(5e0b07b24b489aa4a8763bf41ccfecb0) Importer(815301076,1909f56bfc062723c751e8b465ee728b)  -> (artifact id: 'e5bfba1403d062c6f092b1442aab630a') in 0.011646 seconds 
  Import took 0.014449 seconds .

========================================================================
Received Import Request.
  Time since last request: 0.877446 seconds.
  path: Assets/Prefabs/Enemies/StandardEnemy.prefab
  artifactKey: Guid(7d60a5cb3abf5e64eba7cc3364fbbfd1) Importer(815301076,1909f56bfc062723c751e8b465ee728b)
Start importing Assets/Prefabs/Enemies/StandardEnemy.prefab using Guid(7d60a5cb3abf5e64eba7cc3364fbbfd1) Importer(815301076,1909f56bfc062723c751e8b465ee728b)  -> (artifact id: 'e3c2801e3f0b2a3a760290fd084547fb') in 0.011176 seconds 
  Import took 0.014299 seconds .

========================================================================
Received Import Request.
  Time since last request: 21.790968 seconds.
  path: Assets/Prefabs/Enemies/StandardEnemy.prefab
  artifactKey: Guid(7d60a5cb3abf5e64eba7cc3364fbbfd1) Importer(815301076,1909f56bfc062723c751e8b465ee728b)
Start importing Assets/Prefabs/Enemies/StandardEnemy.prefab using Guid(7d60a5cb3abf5e64eba7cc3364fbbfd1) Importer(815301076,1909f56bfc062723c751e8b465ee728b)  -> (artifact id: '41d7f9a31030a6470e451d7829535557') in 0.011880 seconds 
  Import took 0.014483 seconds .

========================================================================
Received Import Request.
  Time since last request: 21.307980 seconds.
  path: Assets/Prefabs/Enemies/StandardEnemy.prefab
  artifactKey: Guid(7d60a5cb3abf5e64eba7cc3364fbbfd1) Importer(815301076,1909f56bfc062723c751e8b465ee728b)
Start importing Assets/Prefabs/Enemies/StandardEnemy.prefab using Guid(7d60a5cb3abf5e64eba7cc3364fbbfd1) Importer(815301076,1909f56bfc062723c751e8b465ee728b)  -> (artifact id: '65e34b979df80799af40860686281a9b') in 0.012797 seconds 
  Import took 0.015335 seconds .

========================================================================
Received Import Request.
  Time since last request: 19.752879 seconds.
  path: Assets/Prefabs/Enemies/StandardEnemy.prefab
  artifactKey: Guid(7d60a5cb3abf5e64eba7cc3364fbbfd1) Importer(815301076,1909f56bfc062723c751e8b465ee728b)
Start importing Assets/Prefabs/Enemies/StandardEnemy.prefab using Guid(7d60a5cb3abf5e64eba7cc3364fbbfd1) Importer(815301076,1909f56bfc062723c751e8b465ee728b)  -> (artifact id: 'b5c2644175ee201eae2de0d12fa71459') in 0.011190 seconds 
  Import took 0.014020 seconds .

========================================================================
Received Import Request.
  Time since last request: 10.470102 seconds.
  path: Assets/Prefabs/Enemies/Enemy2DeathEffect.prefab
  artifactKey: Guid(42a828c143a813f4480a21f33b6cb414) Importer(815301076,1909f56bfc062723c751e8b465ee728b)
Start importing Assets/Prefabs/Enemies/Enemy2DeathEffect.prefab using Guid(42a828c143a813f4480a21f33b6cb414) Importer(815301076,1909f56bfc062723c751e8b465ee728b)  -> (artifact id: '7ac2d5ce7e935ae2d803e4aecfd9d4c9') in 0.009945 seconds 
  Import took 0.012579 seconds .

========================================================================
Received Import Request.
  Time since last request: 0.000794 seconds.
  path: Assets/Prefabs/Enemies/Enemy2DeathEffect.prefab
  artifactKey: Guid(42a828c143a813f4480a21f33b6cb414) Importer(815301076,1909f56bfc062723c751e8b465ee728b)
Start importing Assets/Prefabs/Enemies/Enemy2DeathEffect.prefab using Guid(42a828c143a813f4480a21f33b6cb414) Importer(815301076,1909f56bfc062723c751e8b465ee728b)  -> (artifact id: '7ac2d5ce7e935ae2d803e4aecfd9d4c9') in 0.011035 seconds 
  Import took 0.014208 seconds .

========================================================================
Received Import Request.
  Time since last request: 62.037303 seconds.
  path: Assets/Prefabs/Enemies/Enemy2.prefab
  artifactKey: Guid(5e0b07b24b489aa4a8763bf41ccfecb0) Importer(815301076,1909f56bfc062723c751e8b465ee728b)
Start importing Assets/Prefabs/Enemies/Enemy2.prefab using Guid(5e0b07b24b489aa4a8763bf41ccfecb0) Importer(815301076,1909f56bfc062723c751e8b465ee728b)  -> (artifact id: 'cfcf966f463e17a65aa36f67db9a4ee5') in 0.012390 seconds 
  Import took 0.015309 seconds .

========================================================================
Received Import Request.
  Time since last request: 33.614093 seconds.
  path: Assets/Prefabs/Enemies/StandardEnemy.prefab
  artifactKey: Guid(7d60a5cb3abf5e64eba7cc3364fbbfd1) Importer(815301076,1909f56bfc062723c751e8b465ee728b)
Start importing Assets/Prefabs/Enemies/StandardEnemy.prefab using Guid(7d60a5cb3abf5e64eba7cc3364fbbfd1) Importer(815301076,1909f56bfc062723c751e8b465ee728b)  -> (artifact id: '74f2f3d78d52b5b5a20a4557076feadb') in 0.012100 seconds 
  Import took 0.015335 seconds .

========================================================================
Received Prepare
Registering precompiled user dll's ...
Registered in 0.003726 seconds.
Begin MonoManager ReloadAssembly
Native extension for WindowsStandalone target not found
Refreshing native plugins compatible for Editor in 0.31 ms, found 2 plugins.
Preloading 0 native plugins for Editor in 0.00 ms.
Mono: successfully reloaded assembly
- Completed reload, in  1.114 seconds
Domain Reload Profiling:
	ReloadAssembly (1114ms)
		BeginReloadAssembly (106ms)
			ExecutionOrderSort (0ms)
			DisableScriptedObjects (4ms)
			BackupInstance (0ms)
			ReleaseScriptingObjects (0ms)
			CreateAndSetChildDomain (31ms)
		EndReloadAssembly (939ms)
			LoadAssemblies (93ms)
			RebuildTransferFunctionScriptingTraits (0ms)
			SetupTypeCache (293ms)
			ReleaseScriptCaches (1ms)
			RebuildScriptCaches (48ms)
			SetupLoadedEditorAssemblies (403ms)
				LogAssemblyErrors (0ms)
				InitializePlatformSupportModulesInManaged (5ms)
				SetLoadedEditorAssemblies (0ms)
				RefreshPlugins (0ms)
				BeforeProcessingInitializeOnLoad (101ms)
				ProcessInitializeOnLoadAttributes (281ms)
				ProcessInitializeOnLoadMethodAttributes (5ms)
				AfterProcessingInitializeOnLoad (10ms)
				EditorAssembliesLoaded (0ms)
			ExecutionOrderSort2 (0ms)
			AwakeInstancesAfterBackupRestoration (8ms)
Platform modules already initialized, skipping
Refreshing native plugins compatible for Editor in 0.33 ms, found 2 plugins.
Preloading 0 native plugins for Editor in 0.00 ms.
Unloading 1408 Unused Serialized files (Serialized files now loaded: 0)
System memory in use before: 141.1 MB.
System memory in use after: 141.2 MB.

Unloading 14 unused Assets to reduce memory usage. Loaded Objects now: 1885.
Total: 2.319300 ms (FindLiveObjects: 0.145700 ms CreateObjectMapping: 0.040900 ms MarkObjects: 2.010800 ms  DeleteObjects: 0.120500 ms)

AssetImportParameters requested are different than current active one (requested -> active):
  custom:framework-win-MediaFoundation: 216162199b28c13a410421893ffa2e32 -> 
  custom:video-decoder-ogg-theora: a1e56fd34408186e4bbccfd4996cb3dc -> 
  custom:container-muxer-webm: aa71ff27fc2769a1b78a27578f13a17b -> 
  custom:container-demuxer-webm: 4f35f7cbe854078d1ac9338744f61a02 -> 
  custom:container-demuxer-ogg: 62fdf1f143b41e24485cea50d1cbac27 -> 
  custom:video-encoder-webm-vp8: eb34c28f22e8b96e1ab97ce403110664 -> 
  custom:video-decoder-webm-vp8: 9c59270c3fd7afecdb556c50c9e8de78 -> 
  custom:audio-decoder-ogg-vorbis: bf7c407c2cedff20999df2af8eb42d56 -> 
  custom:audio-encoder-webm-vorbis: bf7c407c2cedff20999df2af8eb42d56 -> 
========================================================================
Received Import Request.
  Time since last request: 76.632825 seconds.
  path: Assets/Prefabs/Enemies/StandardEnemy.prefab
  artifactKey: Guid(7d60a5cb3abf5e64eba7cc3364fbbfd1) Importer(815301076,1909f56bfc062723c751e8b465ee728b)
Start importing Assets/Prefabs/Enemies/StandardEnemy.prefab using Guid(7d60a5cb3abf5e64eba7cc3364fbbfd1) Importer(815301076,1909f56bfc062723c751e8b465ee728b)  -> (artifact id: '1812eab7578f03545b5f367f1796e7f6') in 0.085807 seconds 
  Import took 0.088941 seconds .

========================================================================
Received Import Request.
  Time since last request: 51.715872 seconds.
  path: Assets/Prefabs/Enemies/StandardEnemy.prefab
  artifactKey: Guid(7d60a5cb3abf5e64eba7cc3364fbbfd1) Importer(815301076,1909f56bfc062723c751e8b465ee728b)
Start importing Assets/Prefabs/Enemies/StandardEnemy.prefab using Guid(7d60a5cb3abf5e64eba7cc3364fbbfd1) Importer(815301076,1909f56bfc062723c751e8b465ee728b)  -> (artifact id: 'f8a2cb6a6460cee107ef1c252ca7b728') in 0.011982 seconds 
  Import took 0.014697 seconds .

AssetImportWorkerClient::OnTransportError - code=2 error=End of file
